<?xml version="1.0" encoding="UTF-8"?>
<!-- Generated by org.testng.reporters.JUnitXMLReporter -->
<testsuite hostname="DESKTOP-N4BEK4T" ignored="0" name="TestAB3" tests="3" failures="0" timestamp="11 Jan 2018 07:01:15 GMT" time="0.058" errors="0">
  <testcase name="testB1" time="0.007" classname="testngpackage.testB3"/>
  <testcase name="testA3" time="0.002" classname="testngpackage.TestA3"/>
  <testcase name="testA3" time="0.002" classname="testngpackage.TestA3"/>
</testsuite> <!-- TestAB3 -->
