<?xml version="1.0" encoding="UTF-8"?>
<!-- Generated by org.testng.reporters.JUnitXMLReporter -->
<testsuite hostname="DESKTOP-N4BEK4T" ignored="0" name="TestA3B3" tests="3" failures="0" timestamp="18 Jan 2018 10:58:27 GMT" time="0.058" errors="0">
  <testcase name="testB1" time="0.006" classname="testngpackage.TestB3"/>
  <testcase name="testA3" time="0.002" classname="testngpackage.TestA3"/>
  <testcase name="testA3" time="0.001" classname="testngpackage.TestA3"/>
</testsuite> <!-- TestA3B3 -->
