<?xml version="1.0" encoding="UTF-8"?>
<!-- Generated by org.testng.reporters.JUnitXMLReporter -->
<testsuite hostname="DESKTOP-N4BEK4T" ignored="0" name="Test" tests="1" failures="1" timestamp="15 Jan 2018 03:10:07 GMT" time="0.074" errors="0">
  <testcase name="testParameters" time="0.0" classname="testngpackage.TestParameter">
    <failure type="org.testng.TestNGException" message="
Cannot inject @Test annotated Method [testParameters] with [class java.lang.String, class java.lang.String].
For more information on native dependency injection please refer to http://testng.org/doc/documentation-main.html#native-dependency-injection">
      <![CDATA[org.testng.TestNGException: Cannot inject @Test annotated Method [testParameters] with [class java.lang.String, class java.lang.String].For more information on native dependency injection please refer to http://testng.org/doc/documentation-main.html#native-dependency-injection... Removed 24 stack frames]]>
    </failure>
  </testcase> <!-- testParameters -->
</testsuite> <!-- Test -->
