<?xml version="1.0" encoding="UTF-8"?>
<testng-results skipped="0" failed="0" ignored="0" total="1" passed="1">
  <reporter-output>
  </reporter-output>
  <suite name="Default suite" duration-ms="23101" started-at="2018-01-18T12:28:00Z" finished-at="2018-01-18T12:28:23Z">
    <groups>
    </groups>
    <test name="Default test" duration-ms="23101" started-at="2018-01-18T12:28:00Z" finished-at="2018-01-18T12:28:23Z">
      <class name="testngpackage.TestLogin_2">
        <test-method status="PASS" signature="testLogin()[pri:0, instance:testngpackage.TestLogin_2@4b86805d]" name="testLogin" duration-ms="23031" started-at="2018-01-18T17:58:00Z" finished-at="2018-01-18T17:58:23Z">
          <reporter-output>
          </reporter-output>
        </test-method> <!-- testLogin -->
      </class> <!-- testngpackage.TestLogin_2 -->
    </test> <!-- Default test -->
  </suite> <!-- Default suite -->
</testng-results>
